<?xml version="1.0" encoding="UTF-8"?>
<!-- Generated by org.testng.reporters.JUnitXMLReporter -->
<testsuite ignored="0" hostname="C02D3KNNMD6M" failures="0" tests="7" name="Sortly App Address CRUD Test" time="135.225" errors="0" timestamp="2024-02-28T13:50:32 IST">
  <testcase classname="com.sortly.qa.testcases.AddressPageTest" name="validateCreateNewAddress" time="9.31"/>
  <testcase classname="com.sortly.qa.testcases.AddressPageTest" name="validateCreateNewAddress" time="9.235"/>
  <testcase classname="com.sortly.qa.testcases.AddressPageTest" name="validateCreateNewAddress" time="9.25"/>
  <testcase classname="com.sortly.qa.testcases.AddressPageTest" name="validateDeleteAddress" time="3.498"/>
  <testcase classname="com.sortly.qa.testcases.AddressPageTest" name="validateUpdateName" time="8.694"/>
  <testcase classname="com.sortly.qa.testcases.HomePageTestTM" name="verifyHomePageTitleTest" time="0.01"/>
  <testcase classname="com.sortly.qa.testcases.HomePageTestTM" name="verifyAddressesLinkTest" time="6.024"/>
</testsuite> <!-- Sortly App Address CRUD Test -->
