<?xml version="1.0" encoding="UTF-8"?>
<!-- Generated by org.testng.reporters.JUnitXMLReporter -->
<testsuite ignored="0" hostname="C02D3KNNMD6M" failures="0" tests="5" name="Sortly App Login and Home Page Sanity Test" time="39.112" errors="0" timestamp="2024-02-26T13:00:46 IST">
  <testcase classname="com.sortly.qa.testcases.LoginPageTest" name="loginPageTitleTest" time="0.013"/>
  <testcase classname="com.sortly.qa.testcases.LoginPageTest" name="loginTestOwner" time="1.673"/>
  <testcase classname="com.sortly.qa.testcases.LoginPageTest" name="loginTestTeamMember" time="1.916"/>
  <testcase classname="com.sortly.qa.testcases.HomePageTest" name="verifyHomePageTitleTest" time="0.01"/>
  <testcase classname="com.sortly.qa.testcases.HomePageTest" name="verifyAddressesLinkTest" time="5.957"/>
</testsuite> <!-- Sortly App Login and Home Page Sanity Test -->
