<?xml version="1.0" encoding="UTF-8"?>
<!-- Generated by org.testng.reporters.JUnitXMLReporter -->
<testsuite ignored="0" hostname="C02D3KNNMD6M" failures="0" tests="10" name="Surefire test" time="147.739" errors="0" timestamp="2024-02-28T13:53:51 IST">
  <testcase classname="com.sortly.qa.testcases.HomePageTest" name="verifyHomePageTitleTest" time="0.008"/>
  <testcase classname="com.sortly.qa.testcases.HomePageTest" name="verifyAddressesLinkTest" time="6.4"/>
  <testcase classname="com.sortly.qa.testcases.AddressPageTest" name="validateCreateNewAddress" time="9.339"/>
  <testcase classname="com.sortly.qa.testcases.AddressPageTest" name="validateCreateNewAddress" time="9.148"/>
  <testcase classname="com.sortly.qa.testcases.AddressPageTest" name="validateCreateNewAddress" time="9.271"/>
  <testcase classname="com.sortly.qa.testcases.AddressPageTest" name="validateDeleteAddress" time="3.445"/>
  <testcase classname="com.sortly.qa.testcases.AddressPageTest" name="validateUpdateName" time="8.697"/>
  <testcase classname="com.sortly.qa.testcases.LoginPageTest" name="loginPageTitleTest" time="0.005"/>
  <testcase classname="com.sortly.qa.testcases.LoginPageTest" name="loginTestOwner" time="2.015"/>
  <testcase classname="com.sortly.qa.testcases.LoginPageTest" name="loginTestTeamMember" time="2.263"/>
</testsuite> <!-- Surefire test -->
