<?xml version="1.0" encoding="UTF-8"?>
<!-- Generated by org.testng.reporters.JUnitXMLReporter -->
<testsuite ignored="0" hostname="HP-F1P7US0" failures="0" tests="8" name="Default test" time="298.118" errors="0" timestamp="2024-03-30T08:05:57 IST">
  <testcase classname="com.sortly.qa.testcases.AddressPageTest" name="validateCreateNewAddress" time="14.573"/>
  <testcase classname="com.sortly.qa.testcases.AddressPageTest" name="validateCreateNewAddress" time="12.162"/>
  <testcase classname="com.sortly.qa.testcases.AddressPageTest" name="validateCreateNewAddress" time="12.44"/>
  <testcase classname="com.sortly.qa.testcases.AddressPageTest" name="validateCreateNewAddress" time="12.077"/>
  <testcase classname="com.sortly.qa.testcases.AddressPageTest" name="validateCreateNewAddress" time="12.044"/>
  <testcase classname="com.sortly.qa.testcases.AddressPageTest" name="validateCreateNewAddress" time="11.982"/>
  <testcase classname="com.sortly.qa.testcases.AddressPageTest" name="validateDeleteAddress" time="4.133"/>
  <testcase classname="com.sortly.qa.testcases.AddressPageTest" name="validateUpdateName" time="10.222"/>
</testsuite> <!-- Default test -->
