<?xml version="1.0" encoding="UTF-8"?>
<!-- Generated by org.testng.reporters.JUnitXMLReporter -->
<testsuite ignored="0" hostname="C02D3KNNMD6M" failures="0" tests="2" name="Default test" time="22.655" errors="0" timestamp="2024-02-26T11:46:27 IST">
  <testcase classname="com.sortly.qa.testcases.HomePageTestTM" name="verifyHomePageTitleTest" time="0.016"/>
  <testcase classname="com.sortly.qa.testcases.HomePageTestTM" name="verifyAddressesLinkTest" time="6.696"/>
</testsuite> <!-- Default test -->
