<?xml version="1.0" encoding="UTF-8"?>
<testsuite xmlns:xsi="http://www.w3.org/2001/XMLSchema-instance" xsi:noNamespaceSchemaLocation="https://maven.apache.org/surefire/maven-surefire-plugin/xsd/surefire-test-report.xsd" name="TestSuite" time="148.189" tests="10" errors="0" skipped="0" failures="0">
  <properties>
[...]
</properties>
  <testcase name="verifyHomePageTitleTest" classname="com.sortly.qa.testcases.HomePageTest" time="0.009"/>
  <testcase name="verifyAddressesLinkTest" classname="com.sortly.qa.testcases.HomePageTest" time="6.401"/>
  <testcase name="validateCreateNewAddress" classname="com.sortly.qa.testcases.AddressPageTest" time="9.34"/>
  <testcase name="validateCreateNewAddress" classname="com.sortly.qa.testcases.AddressPageTest" time="9.148"/>
  <testcase name="validateCreateNewAddress" classname="com.sortly.qa.testcases.AddressPageTest" time="9.271"/>
  <testcase name="validateDeleteAddress" classname="com.sortly.qa.testcases.AddressPageTest" time="3.444"/>
  <testcase name="validateUpdateName" classname="com.sortly.qa.testcases.AddressPageTest" time="8.697"/>
  <testcase name="loginPageTitleTest" classname="com.sortly.qa.testcases.LoginPageTest" time="0.005"/>
  <testcase name="loginTestOwner" classname="com.sortly.qa.testcases.LoginPageTest" time="2.014"/>
  <testcase name="loginTestTeamMember" classname="com.sortly.qa.testcases.LoginPageTest" time="2.263"/>
</testsuite>