<?xml version="1.0" encoding="UTF-8"?>
<testng-results ignored="0" total="10" passed="10" failed="0" skipped="0">
  <reporter-output>
  </reporter-output>
  <suite started-at="2024-02-28T13:51:24 IST" name="Surefire suite" finished-at="2024-02-28T13:53:51 IST" duration-ms="147739">
    <groups>
    </groups>
    <test started-at="2024-02-28T13:51:24 IST" name="Surefire test" finished-at="2024-02-28T13:53:51 IST" duration-ms="147739">
      <class name="com.sortly.qa.testcases.LoginPageTest">
        <test-method is-config="true" signature="setUp()[pri:0, instance:com.sortly.qa.testcases.LoginPageTest@2d2e5f00]" started-at="2024-02-28T13:53:33 IST" name="setUp" finished-at="2024-02-28T13:53:37 IST" duration-ms="4548" status="PASS">
          <reporter-output>
          </reporter-output>
        </test-method> <!-- setUp -->
        <test-method signature="loginPageTitleTest()[pri:1, instance:com.sortly.qa.testcases.LoginPageTest@2d2e5f00]" started-at="2024-02-28T13:53:37 IST" name="loginPageTitleTest" finished-at="2024-02-28T13:53:37 IST" duration-ms="5" status="PASS">
          <reporter-output>
          </reporter-output>
        </test-method> <!-- loginPageTitleTest -->
        <test-method is-config="true" signature="tearDown()[pri:0, instance:com.sortly.qa.testcases.LoginPageTest@2d2e5f00]" started-at="2024-02-28T13:53:37 IST" name="tearDown" finished-at="2024-02-28T13:53:38 IST" duration-ms="171" status="PASS">
          <reporter-output>
          </reporter-output>
        </test-method> <!-- tearDown -->
        <test-method is-config="true" signature="setUp()[pri:0, instance:com.sortly.qa.testcases.LoginPageTest@2d2e5f00]" started-at="2024-02-28T13:53:38 IST" name="setUp" finished-at="2024-02-28T13:53:42 IST" duration-ms="4621" status="PASS">
          <reporter-output>
          </reporter-output>
        </test-method> <!-- setUp -->
        <test-method signature="loginTestOwner()[pri:2, instance:com.sortly.qa.testcases.LoginPageTest@2d2e5f00]" started-at="2024-02-28T13:53:42 IST" name="loginTestOwner" finished-at="2024-02-28T13:53:44 IST" duration-ms="2015" status="PASS">
          <reporter-output>
          </reporter-output>
        </test-method> <!-- loginTestOwner -->
        <test-method is-config="true" signature="tearDown()[pri:0, instance:com.sortly.qa.testcases.LoginPageTest@2d2e5f00]" started-at="2024-02-28T13:53:44 IST" name="tearDown" finished-at="2024-02-28T13:53:44 IST" duration-ms="165" status="PASS">
          <reporter-output>
          </reporter-output>
        </test-method> <!-- tearDown -->
        <test-method is-config="true" signature="setUp()[pri:0, instance:com.sortly.qa.testcases.LoginPageTest@2d2e5f00]" started-at="2024-02-28T13:53:44 IST" name="setUp" finished-at="2024-02-28T13:53:49 IST" duration-ms="4479" status="PASS">
          <reporter-output>
          </reporter-output>
        </test-method> <!-- setUp -->
        <test-method signature="loginTestTeamMember()[pri:3, instance:com.sortly.qa.testcases.LoginPageTest@2d2e5f00]" started-at="2024-02-28T13:53:49 IST" name="loginTestTeamMember" finished-at="2024-02-28T13:53:51 IST" duration-ms="2263" status="PASS">
          <reporter-output>
          </reporter-output>
        </test-method> <!-- loginTestTeamMember -->
        <test-method is-config="true" signature="tearDown()[pri:0, instance:com.sortly.qa.testcases.LoginPageTest@2d2e5f00]" started-at="2024-02-28T13:53:51 IST" name="tearDown" finished-at="2024-02-28T13:53:51 IST" duration-ms="198" status="PASS">
          <reporter-output>
          </reporter-output>
        </test-method> <!-- tearDown -->
      </class> <!-- com.sortly.qa.testcases.LoginPageTest -->
      <class name="com.sortly.qa.testcases.HomePageTest">
        <test-method is-config="true" signature="setup()[pri:0, instance:com.sortly.qa.testcases.HomePageTest@58fdd99]" started-at="2024-02-28T13:51:24 IST" name="setup" finished-at="2024-02-28T13:51:32 IST" duration-ms="8542" status="PASS">
          <reporter-output>
          </reporter-output>
        </test-method> <!-- setup -->
        <test-method signature="verifyHomePageTitleTest()[pri:1, instance:com.sortly.qa.testcases.HomePageTest@58fdd99]" started-at="2024-02-28T13:51:32 IST" name="verifyHomePageTitleTest" finished-at="2024-02-28T13:51:32 IST" duration-ms="8" status="PASS">
          <reporter-output>
          </reporter-output>
        </test-method> <!-- verifyHomePageTitleTest -->
        <test-method is-config="true" signature="tearDown()[pri:0, instance:com.sortly.qa.testcases.HomePageTest@58fdd99]" started-at="2024-02-28T13:51:32 IST" name="tearDown" finished-at="2024-02-28T13:51:32 IST" duration-ms="168" status="PASS">
          <reporter-output>
          </reporter-output>
        </test-method> <!-- tearDown -->
        <test-method is-config="true" signature="setup()[pri:0, instance:com.sortly.qa.testcases.HomePageTest@58fdd99]" started-at="2024-02-28T13:51:32 IST" name="setup" finished-at="2024-02-28T13:51:39 IST" duration-ms="6745" status="PASS">
          <reporter-output>
          </reporter-output>
        </test-method> <!-- setup -->
        <test-method signature="verifyAddressesLinkTest()[pri:2, instance:com.sortly.qa.testcases.HomePageTest@58fdd99]" started-at="2024-02-28T13:51:39 IST" name="verifyAddressesLinkTest" finished-at="2024-02-28T13:51:45 IST" duration-ms="6400" status="PASS">
          <reporter-output>
          </reporter-output>
        </test-method> <!-- verifyAddressesLinkTest -->
        <test-method is-config="true" signature="tearDown()[pri:0, instance:com.sortly.qa.testcases.HomePageTest@58fdd99]" started-at="2024-02-28T13:51:45 IST" name="tearDown" finished-at="2024-02-28T13:51:46 IST" duration-ms="237" status="PASS">
          <reporter-output>
          </reporter-output>
        </test-method> <!-- tearDown -->
      </class> <!-- com.sortly.qa.testcases.HomePageTest -->
      <class name="com.sortly.qa.testcases.AddressPageTest">
        <test-method is-config="true" signature="setup()[pri:0, instance:com.sortly.qa.testcases.AddressPageTest@8b96fde]" started-at="2024-02-28T13:51:47 IST" name="setup" finished-at="2024-02-28T13:52:00 IST" duration-ms="12918" status="PASS">
          <reporter-output>
          </reporter-output>
        </test-method> <!-- setup -->
        <test-method signature="validateCreateNewAddress(java.lang.String,java.lang.String,java.lang.String,java.lang.String,java.lang.String,java.lang.String)[pri:1, instance:com.sortly.qa.testcases.AddressPageTest@8b96fde]" started-at="2024-02-28T13:52:00 IST" name="validateCreateNewAddress" data-provider="getSortlyAddressTestData" finished-at="2024-02-28T13:52:09 IST" duration-ms="9339" status="PASS">
          <params>
            <param index="0">
              <value>
                <![CDATA[Ram chandra]]>
              </value>
            </param>
            <param index="1">
              <value>
                <![CDATA[Raghuvanahalli Village]]>
              </value>
            </param>
            <param index="2">
              <value>
                <![CDATA[Kanakapura Road]]>
              </value>
            </param>
            <param index="3">
              <value>
                <![CDATA[Bangalore]]>
              </value>
            </param>
            <param index="4">
              <value>
                <![CDATA[Karnataka]]>
              </value>
            </param>
            <param index="5">
              <value>
                <![CDATA[560109]]>
              </value>
            </param>
          </params>
          <reporter-output>
          </reporter-output>
        </test-method> <!-- validateCreateNewAddress -->
        <test-method is-config="true" signature="tearDown()[pri:0, instance:com.sortly.qa.testcases.AddressPageTest@8b96fde]" started-at="2024-02-28T13:52:09 IST" name="tearDown" finished-at="2024-02-28T13:52:09 IST" duration-ms="310" status="PASS">
          <reporter-output>
          </reporter-output>
        </test-method> <!-- tearDown -->
        <test-method is-config="true" signature="setup()[pri:0, instance:com.sortly.qa.testcases.AddressPageTest@8b96fde]" started-at="2024-02-28T13:52:09 IST" name="setup" finished-at="2024-02-28T13:52:22 IST" duration-ms="13074" status="PASS">
          <reporter-output>
          </reporter-output>
        </test-method> <!-- setup -->
        <test-method signature="validateCreateNewAddress(java.lang.String,java.lang.String,java.lang.String,java.lang.String,java.lang.String,java.lang.String)[pri:1, instance:com.sortly.qa.testcases.AddressPageTest@8b96fde]" started-at="2024-02-28T13:52:22 IST" name="validateCreateNewAddress" data-provider="getSortlyAddressTestData" finished-at="2024-02-28T13:52:31 IST" duration-ms="9148" status="PASS">
          <params>
            <param index="0">
              <value>
                <![CDATA[Damodara]]>
              </value>
            </param>
            <param index="1">
              <value>
                <![CDATA[JPNagar]]>
              </value>
            </param>
            <param index="2">
              <value>
                <![CDATA[Kanakapura Road]]>
              </value>
            </param>
            <param index="3">
              <value>
                <![CDATA[Bangalore]]>
              </value>
            </param>
            <param index="4">
              <value>
                <![CDATA[Karnataka]]>
              </value>
            </param>
            <param index="5">
              <value>
                <![CDATA[560062]]>
              </value>
            </param>
          </params>
          <reporter-output>
          </reporter-output>
        </test-method> <!-- validateCreateNewAddress -->
        <test-method is-config="true" signature="tearDown()[pri:0, instance:com.sortly.qa.testcases.AddressPageTest@8b96fde]" started-at="2024-02-28T13:52:31 IST" name="tearDown" finished-at="2024-02-28T13:52:32 IST" duration-ms="285" status="PASS">
          <reporter-output>
          </reporter-output>
        </test-method> <!-- tearDown -->
        <test-method is-config="true" signature="setup()[pri:0, instance:com.sortly.qa.testcases.AddressPageTest@8b96fde]" started-at="2024-02-28T13:52:32 IST" name="setup" finished-at="2024-02-28T13:52:45 IST" duration-ms="13534" status="PASS">
          <reporter-output>
          </reporter-output>
        </test-method> <!-- setup -->
        <test-method signature="validateCreateNewAddress(java.lang.String,java.lang.String,java.lang.String,java.lang.String,java.lang.String,java.lang.String)[pri:1, instance:com.sortly.qa.testcases.AddressPageTest@8b96fde]" started-at="2024-02-28T13:52:45 IST" name="validateCreateNewAddress" data-provider="getSortlyAddressTestData" finished-at="2024-02-28T13:52:54 IST" duration-ms="9271" status="PASS">
          <params>
            <param index="0">
              <value>
                <![CDATA[Hare Krishna]]>
              </value>
            </param>
            <param index="1">
              <value>
                <![CDATA[Vaikuntha Hill]]>
              </value>
            </param>
            <param index="2">
              <value>
                <![CDATA[Subramanyapura]]>
              </value>
            </param>
            <param index="3">
              <value>
                <![CDATA[Bangalore]]>
              </value>
            </param>
            <param index="4">
              <value>
                <![CDATA[Karnataka]]>
              </value>
            </param>
            <param index="5">
              <value>
                <![CDATA[560060]]>
              </value>
            </param>
          </params>
          <reporter-output>
          </reporter-output>
        </test-method> <!-- validateCreateNewAddress -->
        <test-method is-config="true" signature="tearDown()[pri:0, instance:com.sortly.qa.testcases.AddressPageTest@8b96fde]" started-at="2024-02-28T13:52:54 IST" name="tearDown" finished-at="2024-02-28T13:52:55 IST" duration-ms="280" status="PASS">
          <reporter-output>
          </reporter-output>
        </test-method> <!-- tearDown -->
        <test-method is-config="true" signature="setup()[pri:0, instance:com.sortly.qa.testcases.AddressPageTest@8b96fde]" started-at="2024-02-28T13:52:55 IST" name="setup" finished-at="2024-02-28T13:53:07 IST" duration-ms="12392" status="PASS">
          <reporter-output>
          </reporter-output>
        </test-method> <!-- setup -->
        <test-method signature="validateDeleteAddress()[pri:2, instance:com.sortly.qa.testcases.AddressPageTest@8b96fde]" started-at="2024-02-28T13:53:07 IST" name="validateDeleteAddress" finished-at="2024-02-28T13:53:11 IST" duration-ms="3445" status="PASS">
          <reporter-output>
          </reporter-output>
        </test-method> <!-- validateDeleteAddress -->
        <test-method is-config="true" signature="tearDown()[pri:0, instance:com.sortly.qa.testcases.AddressPageTest@8b96fde]" started-at="2024-02-28T13:53:11 IST" name="tearDown" finished-at="2024-02-28T13:53:11 IST" duration-ms="232" status="PASS">
          <reporter-output>
          </reporter-output>
        </test-method> <!-- tearDown -->
        <test-method is-config="true" signature="setup()[pri:0, instance:com.sortly.qa.testcases.AddressPageTest@8b96fde]" started-at="2024-02-28T13:53:11 IST" name="setup" finished-at="2024-02-28T13:53:24 IST" duration-ms="13065" status="PASS">
          <reporter-output>
          </reporter-output>
        </test-method> <!-- setup -->
        <test-method signature="validateUpdateName()[pri:3, instance:com.sortly.qa.testcases.AddressPageTest@8b96fde]" started-at="2024-02-28T13:53:24 IST" name="validateUpdateName" finished-at="2024-02-28T13:53:33 IST" duration-ms="8697" status="PASS">
          <reporter-output>
          </reporter-output>
        </test-method> <!-- validateUpdateName -->
        <test-method is-config="true" signature="tearDown()[pri:0, instance:com.sortly.qa.testcases.AddressPageTest@8b96fde]" started-at="2024-02-28T13:53:33 IST" name="tearDown" finished-at="2024-02-28T13:53:33 IST" duration-ms="239" status="PASS">
          <reporter-output>
          </reporter-output>
        </test-method> <!-- tearDown -->
      </class> <!-- com.sortly.qa.testcases.AddressPageTest -->
    </test> <!-- Surefire test -->
  </suite> <!-- Surefire suite -->
</testng-results>
