<?xml version="1.0" encoding="UTF-8"?>
<testng-results ignored="0" total="7" passed="7" failed="0" skipped="0">
  <reporter-output>
  </reporter-output>
  <suite started-at="2024-02-28T13:48:17 IST" name="Sortly Application Test Automation Test Suite" finished-at="2024-02-28T13:50:32 IST" duration-ms="135225">
    <groups>
    </groups>
    <test started-at="2024-02-28T13:48:17 IST" name="Sortly App Address CRUD Test" finished-at="2024-02-28T13:50:32 IST" duration-ms="135225">
      <class name="com.sortly.qa.testcases.HomePageTestTM">
        <test-method is-config="true" signature="setup()[pri:0, instance:com.sortly.qa.testcases.HomePageTestTM@e15b7e8]" started-at="2024-02-28T13:50:13 IST" name="setup" finished-at="2024-02-28T13:50:19 IST" duration-ms="6610" status="PASS">
          <reporter-output>
          </reporter-output>
        </test-method> <!-- setup -->
        <test-method signature="verifyHomePageTitleTest()[pri:1, instance:com.sortly.qa.testcases.HomePageTestTM@e15b7e8]" started-at="2024-02-28T13:50:19 IST" name="verifyHomePageTitleTest" finished-at="2024-02-28T13:50:19 IST" duration-ms="10" status="PASS">
          <reporter-output>
          </reporter-output>
        </test-method> <!-- verifyHomePageTitleTest -->
        <test-method is-config="true" signature="tearDown()[pri:0, instance:com.sortly.qa.testcases.HomePageTestTM@e15b7e8]" started-at="2024-02-28T13:50:19 IST" name="tearDown" finished-at="2024-02-28T13:50:20 IST" duration-ms="168" status="PASS">
          <reporter-output>
          </reporter-output>
        </test-method> <!-- tearDown -->
        <test-method is-config="true" signature="setup()[pri:0, instance:com.sortly.qa.testcases.HomePageTestTM@e15b7e8]" started-at="2024-02-28T13:50:20 IST" name="setup" finished-at="2024-02-28T13:50:26 IST" duration-ms="6619" status="PASS">
          <reporter-output>
          </reporter-output>
        </test-method> <!-- setup -->
        <test-method signature="verifyAddressesLinkTest()[pri:2, instance:com.sortly.qa.testcases.HomePageTestTM@e15b7e8]" started-at="2024-02-28T13:50:26 IST" name="verifyAddressesLinkTest" finished-at="2024-02-28T13:50:32 IST" duration-ms="6024" status="PASS">
          <reporter-output>
          </reporter-output>
        </test-method> <!-- verifyAddressesLinkTest -->
        <test-method is-config="true" signature="tearDown()[pri:0, instance:com.sortly.qa.testcases.HomePageTestTM@e15b7e8]" started-at="2024-02-28T13:50:32 IST" name="tearDown" finished-at="2024-02-28T13:50:32 IST" duration-ms="267" status="PASS">
          <reporter-output>
          </reporter-output>
        </test-method> <!-- tearDown -->
      </class> <!-- com.sortly.qa.testcases.HomePageTestTM -->
      <class name="com.sortly.qa.testcases.AddressPageTest">
        <test-method is-config="true" signature="setup()[pri:0, instance:com.sortly.qa.testcases.AddressPageTest@67c33749]" started-at="2024-02-28T13:48:18 IST" name="setup" finished-at="2024-02-28T13:48:39 IST" duration-ms="20929" status="PASS">
          <reporter-output>
          </reporter-output>
        </test-method> <!-- setup -->
        <test-method signature="validateCreateNewAddress(java.lang.String,java.lang.String,java.lang.String,java.lang.String,java.lang.String,java.lang.String)[pri:1, instance:com.sortly.qa.testcases.AddressPageTest@67c33749]" started-at="2024-02-28T13:48:39 IST" name="validateCreateNewAddress" data-provider="getSortlyAddressTestData" finished-at="2024-02-28T13:48:49 IST" duration-ms="9310" status="PASS">
          <params>
            <param index="0">
              <value>
                <![CDATA[Ram chandra]]>
              </value>
            </param>
            <param index="1">
              <value>
                <![CDATA[Raghuvanahalli Village]]>
              </value>
            </param>
            <param index="2">
              <value>
                <![CDATA[Kanakapura Road]]>
              </value>
            </param>
            <param index="3">
              <value>
                <![CDATA[Bangalore]]>
              </value>
            </param>
            <param index="4">
              <value>
                <![CDATA[Karnataka]]>
              </value>
            </param>
            <param index="5">
              <value>
                <![CDATA[560109]]>
              </value>
            </param>
          </params>
          <reporter-output>
          </reporter-output>
        </test-method> <!-- validateCreateNewAddress -->
        <test-method is-config="true" signature="tearDown()[pri:0, instance:com.sortly.qa.testcases.AddressPageTest@67c33749]" started-at="2024-02-28T13:48:49 IST" name="tearDown" finished-at="2024-02-28T13:48:49 IST" duration-ms="270" status="PASS">
          <reporter-output>
          </reporter-output>
        </test-method> <!-- tearDown -->
        <test-method is-config="true" signature="setup()[pri:0, instance:com.sortly.qa.testcases.AddressPageTest@67c33749]" started-at="2024-02-28T13:48:49 IST" name="setup" finished-at="2024-02-28T13:49:02 IST" duration-ms="12569" status="PASS">
          <reporter-output>
          </reporter-output>
        </test-method> <!-- setup -->
        <test-method signature="validateCreateNewAddress(java.lang.String,java.lang.String,java.lang.String,java.lang.String,java.lang.String,java.lang.String)[pri:1, instance:com.sortly.qa.testcases.AddressPageTest@67c33749]" started-at="2024-02-28T13:49:02 IST" name="validateCreateNewAddress" data-provider="getSortlyAddressTestData" finished-at="2024-02-28T13:49:11 IST" duration-ms="9235" status="PASS">
          <params>
            <param index="0">
              <value>
                <![CDATA[Damodara]]>
              </value>
            </param>
            <param index="1">
              <value>
                <![CDATA[JPNagar]]>
              </value>
            </param>
            <param index="2">
              <value>
                <![CDATA[Kanakapura Road]]>
              </value>
            </param>
            <param index="3">
              <value>
                <![CDATA[Bangalore]]>
              </value>
            </param>
            <param index="4">
              <value>
                <![CDATA[Karnataka]]>
              </value>
            </param>
            <param index="5">
              <value>
                <![CDATA[560062]]>
              </value>
            </param>
          </params>
          <reporter-output>
          </reporter-output>
        </test-method> <!-- validateCreateNewAddress -->
        <test-method is-config="true" signature="tearDown()[pri:0, instance:com.sortly.qa.testcases.AddressPageTest@67c33749]" started-at="2024-02-28T13:49:11 IST" name="tearDown" finished-at="2024-02-28T13:49:11 IST" duration-ms="300" status="PASS">
          <reporter-output>
          </reporter-output>
        </test-method> <!-- tearDown -->
        <test-method is-config="true" signature="setup()[pri:0, instance:com.sortly.qa.testcases.AddressPageTest@67c33749]" started-at="2024-02-28T13:49:11 IST" name="setup" finished-at="2024-02-28T13:49:24 IST" duration-ms="13190" status="PASS">
          <reporter-output>
          </reporter-output>
        </test-method> <!-- setup -->
        <test-method signature="validateCreateNewAddress(java.lang.String,java.lang.String,java.lang.String,java.lang.String,java.lang.String,java.lang.String)[pri:1, instance:com.sortly.qa.testcases.AddressPageTest@67c33749]" started-at="2024-02-28T13:49:24 IST" name="validateCreateNewAddress" data-provider="getSortlyAddressTestData" finished-at="2024-02-28T13:49:34 IST" duration-ms="9250" status="PASS">
          <params>
            <param index="0">
              <value>
                <![CDATA[Hare Krishna]]>
              </value>
            </param>
            <param index="1">
              <value>
                <![CDATA[Vaikuntha Hill]]>
              </value>
            </param>
            <param index="2">
              <value>
                <![CDATA[Subramanyapura]]>
              </value>
            </param>
            <param index="3">
              <value>
                <![CDATA[Bangalore]]>
              </value>
            </param>
            <param index="4">
              <value>
                <![CDATA[Karnataka]]>
              </value>
            </param>
            <param index="5">
              <value>
                <![CDATA[560060]]>
              </value>
            </param>
          </params>
          <reporter-output>
          </reporter-output>
        </test-method> <!-- validateCreateNewAddress -->
        <test-method is-config="true" signature="tearDown()[pri:0, instance:com.sortly.qa.testcases.AddressPageTest@67c33749]" started-at="2024-02-28T13:49:34 IST" name="tearDown" finished-at="2024-02-28T13:49:34 IST" duration-ms="230" status="PASS">
          <reporter-output>
          </reporter-output>
        </test-method> <!-- tearDown -->
        <test-method is-config="true" signature="setup()[pri:0, instance:com.sortly.qa.testcases.AddressPageTest@67c33749]" started-at="2024-02-28T13:49:34 IST" name="setup" finished-at="2024-02-28T13:49:47 IST" duration-ms="13393" status="PASS">
          <reporter-output>
          </reporter-output>
        </test-method> <!-- setup -->
        <test-method signature="validateDeleteAddress()[pri:2, instance:com.sortly.qa.testcases.AddressPageTest@67c33749]" started-at="2024-02-28T13:49:47 IST" name="validateDeleteAddress" finished-at="2024-02-28T13:49:51 IST" duration-ms="3498" status="PASS">
          <reporter-output>
          </reporter-output>
        </test-method> <!-- validateDeleteAddress -->
        <test-method is-config="true" signature="tearDown()[pri:0, instance:com.sortly.qa.testcases.AddressPageTest@67c33749]" started-at="2024-02-28T13:49:51 IST" name="tearDown" finished-at="2024-02-28T13:49:51 IST" duration-ms="262" status="PASS">
          <reporter-output>
          </reporter-output>
        </test-method> <!-- tearDown -->
        <test-method is-config="true" signature="setup()[pri:0, instance:com.sortly.qa.testcases.AddressPageTest@67c33749]" started-at="2024-02-28T13:49:51 IST" name="setup" finished-at="2024-02-28T13:50:04 IST" duration-ms="12819" status="PASS">
          <reporter-output>
          </reporter-output>
        </test-method> <!-- setup -->
        <test-method signature="validateUpdateName()[pri:3, instance:com.sortly.qa.testcases.AddressPageTest@67c33749]" started-at="2024-02-28T13:50:04 IST" name="validateUpdateName" finished-at="2024-02-28T13:50:12 IST" duration-ms="8694" status="PASS">
          <reporter-output>
          </reporter-output>
        </test-method> <!-- validateUpdateName -->
        <test-method is-config="true" signature="tearDown()[pri:0, instance:com.sortly.qa.testcases.AddressPageTest@67c33749]" started-at="2024-02-28T13:50:12 IST" name="tearDown" finished-at="2024-02-28T13:50:13 IST" duration-ms="284" status="PASS">
          <reporter-output>
          </reporter-output>
        </test-method> <!-- tearDown -->
      </class> <!-- com.sortly.qa.testcases.AddressPageTest -->
    </test> <!-- Sortly App Address CRUD Test -->
  </suite> <!-- Sortly Application Test Automation Test Suite -->
</testng-results>
