<?xml version="1.0" encoding="UTF-8"?>
<testng-results ignored="0" total="8" passed="8" failed="0" skipped="0">
  <reporter-output>
  </reporter-output>
  <suite started-at="2024-03-30T08:00:59 IST" name="Default suite" finished-at="2024-03-30T08:05:57 IST" duration-ms="298118">
    <groups>
    </groups>
    <test started-at="2024-03-30T08:00:59 IST" name="Default test" finished-at="2024-03-30T08:05:57 IST" duration-ms="298118">
      <class name="com.sortly.qa.testcases.AddressPageTest">
        <test-method is-config="true" signature="setup()[pri:0, instance:com.sortly.qa.testcases.AddressPageTest@3e27ba32]" started-at="2024-03-30T08:01:03 IST" name="setup" finished-at="2024-03-30T08:01:33 IST" duration-ms="30034" status="PASS">
          <reporter-output>
          </reporter-output>
        </test-method> <!-- setup -->
        <test-method signature="validateCreateNewAddress(java.lang.String,java.lang.String,java.lang.String,java.lang.String,java.lang.String,java.lang.String)[pri:1, instance:com.sortly.qa.testcases.AddressPageTest@3e27ba32]" started-at="2024-03-30T08:01:33 IST" name="validateCreateNewAddress" data-provider="getSortlyAddressTestData" finished-at="2024-03-30T08:01:48 IST" duration-ms="14573" status="PASS">
          <params>
            <param index="0">
              <value>
                <![CDATA[Rama chandra]]>
              </value>
            </param>
            <param index="1">
              <value>
                <![CDATA[Raghuvanahalli Village]]>
              </value>
            </param>
            <param index="2">
              <value>
                <![CDATA[Kanakapura Road]]>
              </value>
            </param>
            <param index="3">
              <value>
                <![CDATA[Bengaluru]]>
              </value>
            </param>
            <param index="4">
              <value>
                <![CDATA[Karnataka]]>
              </value>
            </param>
            <param index="5">
              <value>
                <![CDATA[560109]]>
              </value>
            </param>
          </params>
          <reporter-output>
          </reporter-output>
        </test-method> <!-- validateCreateNewAddress -->
        <test-method is-config="true" signature="tearDown()[pri:0, instance:com.sortly.qa.testcases.AddressPageTest@3e27ba32]" started-at="2024-03-30T08:01:48 IST" name="tearDown" finished-at="2024-03-30T08:01:49 IST" duration-ms="985" status="PASS">
          <reporter-output>
          </reporter-output>
        </test-method> <!-- tearDown -->
        <test-method is-config="true" signature="setup()[pri:0, instance:com.sortly.qa.testcases.AddressPageTest@3e27ba32]" started-at="2024-03-30T08:01:49 IST" name="setup" finished-at="2024-03-30T08:02:15 IST" duration-ms="25661" status="PASS">
          <reporter-output>
          </reporter-output>
        </test-method> <!-- setup -->
        <test-method signature="validateCreateNewAddress(java.lang.String,java.lang.String,java.lang.String,java.lang.String,java.lang.String,java.lang.String)[pri:1, instance:com.sortly.qa.testcases.AddressPageTest@3e27ba32]" started-at="2024-03-30T08:02:15 IST" name="validateCreateNewAddress" data-provider="getSortlyAddressTestData" finished-at="2024-03-30T08:02:27 IST" duration-ms="12162" status="PASS">
          <params>
            <param index="0">
              <value>
                <![CDATA[Damodara]]>
              </value>
            </param>
            <param index="1">
              <value>
                <![CDATA[Gubbalala Village]]>
              </value>
            </param>
            <param index="2">
              <value>
                <![CDATA[Off Kanakapura Road]]>
              </value>
            </param>
            <param index="3">
              <value>
                <![CDATA[Bengaluru]]>
              </value>
            </param>
            <param index="4">
              <value>
                <![CDATA[Karnataka]]>
              </value>
            </param>
            <param index="5">
              <value>
                <![CDATA[560062]]>
              </value>
            </param>
          </params>
          <reporter-output>
          </reporter-output>
        </test-method> <!-- validateCreateNewAddress -->
        <test-method is-config="true" signature="tearDown()[pri:0, instance:com.sortly.qa.testcases.AddressPageTest@3e27ba32]" started-at="2024-03-30T08:02:27 IST" name="tearDown" finished-at="2024-03-30T08:02:28 IST" duration-ms="864" status="PASS">
          <reporter-output>
          </reporter-output>
        </test-method> <!-- tearDown -->
        <test-method is-config="true" signature="setup()[pri:0, instance:com.sortly.qa.testcases.AddressPageTest@3e27ba32]" started-at="2024-03-30T08:02:28 IST" name="setup" finished-at="2024-03-30T08:02:50 IST" duration-ms="22861" status="PASS">
          <reporter-output>
          </reporter-output>
        </test-method> <!-- setup -->
        <test-method signature="validateCreateNewAddress(java.lang.String,java.lang.String,java.lang.String,java.lang.String,java.lang.String,java.lang.String)[pri:1, instance:com.sortly.qa.testcases.AddressPageTest@3e27ba32]" started-at="2024-03-30T08:02:50 IST" name="validateCreateNewAddress" data-provider="getSortlyAddressTestData" finished-at="2024-03-30T08:03:03 IST" duration-ms="12440" status="PASS">
          <params>
            <param index="0">
              <value>
                <![CDATA[Radha Madhav]]>
              </value>
            </param>
            <param index="1">
              <value>
                <![CDATA[Uttrahalli]]>
              </value>
            </param>
            <param index="2">
              <value>
                <![CDATA[JPNagar 6th Phase]]>
              </value>
            </param>
            <param index="3">
              <value>
                <![CDATA[Bengaluru]]>
              </value>
            </param>
            <param index="4">
              <value>
                <![CDATA[Karnataka]]>
              </value>
            </param>
            <param index="5">
              <value>
                <![CDATA[560061]]>
              </value>
            </param>
          </params>
          <reporter-output>
          </reporter-output>
        </test-method> <!-- validateCreateNewAddress -->
        <test-method is-config="true" signature="tearDown()[pri:0, instance:com.sortly.qa.testcases.AddressPageTest@3e27ba32]" started-at="2024-03-30T08:03:03 IST" name="tearDown" finished-at="2024-03-30T08:03:04 IST" duration-ms="844" status="PASS">
          <reporter-output>
          </reporter-output>
        </test-method> <!-- tearDown -->
        <test-method is-config="true" signature="setup()[pri:0, instance:com.sortly.qa.testcases.AddressPageTest@3e27ba32]" started-at="2024-03-30T08:03:04 IST" name="setup" finished-at="2024-03-30T08:03:28 IST" duration-ms="23837" status="PASS">
          <reporter-output>
          </reporter-output>
        </test-method> <!-- setup -->
        <test-method signature="validateCreateNewAddress(java.lang.String,java.lang.String,java.lang.String,java.lang.String,java.lang.String,java.lang.String)[pri:1, instance:com.sortly.qa.testcases.AddressPageTest@3e27ba32]" started-at="2024-03-30T08:03:28 IST" name="validateCreateNewAddress" data-provider="getSortlyAddressTestData" finished-at="2024-03-30T08:03:40 IST" duration-ms="12077" status="PASS">
          <params>
            <param index="0">
              <value>
                <![CDATA[Sankirtan]]>
              </value>
            </param>
            <param index="1">
              <value>
                <![CDATA[Vaikuntha Hill]]>
              </value>
            </param>
            <param index="2">
              <value>
                <![CDATA[Subramanyapura Village]]>
              </value>
            </param>
            <param index="3">
              <value>
                <![CDATA[Bengaluru]]>
              </value>
            </param>
            <param index="4">
              <value>
                <![CDATA[Karnataka]]>
              </value>
            </param>
            <param index="5">
              <value>
                <![CDATA[560075]]>
              </value>
            </param>
          </params>
          <reporter-output>
          </reporter-output>
        </test-method> <!-- validateCreateNewAddress -->
        <test-method is-config="true" signature="tearDown()[pri:0, instance:com.sortly.qa.testcases.AddressPageTest@3e27ba32]" started-at="2024-03-30T08:03:40 IST" name="tearDown" finished-at="2024-03-30T08:03:40 IST" duration-ms="796" status="PASS">
          <reporter-output>
          </reporter-output>
        </test-method> <!-- tearDown -->
        <test-method is-config="true" signature="setup()[pri:0, instance:com.sortly.qa.testcases.AddressPageTest@3e27ba32]" started-at="2024-03-30T08:03:41 IST" name="setup" finished-at="2024-03-30T08:04:04 IST" duration-ms="23224" status="PASS">
          <reporter-output>
          </reporter-output>
        </test-method> <!-- setup -->
        <test-method signature="validateCreateNewAddress(java.lang.String,java.lang.String,java.lang.String,java.lang.String,java.lang.String,java.lang.String)[pri:1, instance:com.sortly.qa.testcases.AddressPageTest@3e27ba32]" started-at="2024-03-30T08:04:04 IST" name="validateCreateNewAddress" data-provider="getSortlyAddressTestData" finished-at="2024-03-30T08:04:16 IST" duration-ms="12044" status="PASS">
          <params>
            <param index="0">
              <value>
                <![CDATA[Jayanta]]>
              </value>
            </param>
            <param index="1">
              <value>
                <![CDATA[HKHill]]>
              </value>
            </param>
            <param index="2">
              <value>
                <![CDATA[Rajajinagar]]>
              </value>
            </param>
            <param index="3">
              <value>
                <![CDATA[Bengaluru]]>
              </value>
            </param>
            <param index="4">
              <value>
                <![CDATA[Karnataka]]>
              </value>
            </param>
            <param index="5">
              <value>
                <![CDATA[560079]]>
              </value>
            </param>
          </params>
          <reporter-output>
          </reporter-output>
        </test-method> <!-- validateCreateNewAddress -->
        <test-method is-config="true" signature="tearDown()[pri:0, instance:com.sortly.qa.testcases.AddressPageTest@3e27ba32]" started-at="2024-03-30T08:04:16 IST" name="tearDown" finished-at="2024-03-30T08:04:17 IST" duration-ms="973" status="PASS">
          <reporter-output>
          </reporter-output>
        </test-method> <!-- tearDown -->
        <test-method is-config="true" signature="setup()[pri:0, instance:com.sortly.qa.testcases.AddressPageTest@3e27ba32]" started-at="2024-03-30T08:04:17 IST" name="setup" finished-at="2024-03-30T08:04:39 IST" duration-ms="22260" status="PASS">
          <reporter-output>
          </reporter-output>
        </test-method> <!-- setup -->
        <test-method signature="validateCreateNewAddress(java.lang.String,java.lang.String,java.lang.String,java.lang.String,java.lang.String,java.lang.String)[pri:1, instance:com.sortly.qa.testcases.AddressPageTest@3e27ba32]" started-at="2024-03-30T08:04:39 IST" name="validateCreateNewAddress" data-provider="getSortlyAddressTestData" finished-at="2024-03-30T08:04:51 IST" duration-ms="11982" status="PASS">
          <params>
            <param index="0">
              <value>
                <![CDATA[Gaur Gopal]]>
              </value>
            </param>
            <param index="1">
              <value>
                <![CDATA[Whitefield]]>
              </value>
            </param>
            <param index="2">
              <value>
                <![CDATA[Malleswaram]]>
              </value>
            </param>
            <param index="3">
              <value>
                <![CDATA[Bengaluru]]>
              </value>
            </param>
            <param index="4">
              <value>
                <![CDATA[Karnataka]]>
              </value>
            </param>
            <param index="5">
              <value>
                <![CDATA[560080]]>
              </value>
            </param>
          </params>
          <reporter-output>
          </reporter-output>
        </test-method> <!-- validateCreateNewAddress -->
        <test-method is-config="true" signature="tearDown()[pri:0, instance:com.sortly.qa.testcases.AddressPageTest@3e27ba32]" started-at="2024-03-30T08:04:51 IST" name="tearDown" finished-at="2024-03-30T08:04:52 IST" duration-ms="864" status="PASS">
          <reporter-output>
          </reporter-output>
        </test-method> <!-- tearDown -->
        <test-method is-config="true" signature="setup()[pri:0, instance:com.sortly.qa.testcases.AddressPageTest@3e27ba32]" started-at="2024-03-30T08:04:52 IST" name="setup" finished-at="2024-03-30T08:05:17 IST" duration-ms="25092" status="PASS">
          <reporter-output>
          </reporter-output>
        </test-method> <!-- setup -->
        <test-method signature="validateDeleteAddress()[pri:2, instance:com.sortly.qa.testcases.AddressPageTest@3e27ba32]" started-at="2024-03-30T08:05:17 IST" name="validateDeleteAddress" finished-at="2024-03-30T08:05:21 IST" duration-ms="4133" status="PASS">
          <reporter-output>
          </reporter-output>
        </test-method> <!-- validateDeleteAddress -->
        <test-method is-config="true" signature="tearDown()[pri:0, instance:com.sortly.qa.testcases.AddressPageTest@3e27ba32]" started-at="2024-03-30T08:05:21 IST" name="tearDown" finished-at="2024-03-30T08:05:22 IST" duration-ms="903" status="PASS">
          <reporter-output>
          </reporter-output>
        </test-method> <!-- tearDown -->
        <test-method is-config="true" signature="setup()[pri:0, instance:com.sortly.qa.testcases.AddressPageTest@3e27ba32]" started-at="2024-03-30T08:05:22 IST" name="setup" finished-at="2024-03-30T08:05:46 IST" duration-ms="24367" status="PASS">
          <reporter-output>
          </reporter-output>
        </test-method> <!-- setup -->
        <test-method signature="validateUpdateName()[pri:3, instance:com.sortly.qa.testcases.AddressPageTest@3e27ba32]" started-at="2024-03-30T08:05:46 IST" name="validateUpdateName" finished-at="2024-03-30T08:05:57 IST" duration-ms="10222" status="PASS">
          <reporter-output>
          </reporter-output>
        </test-method> <!-- validateUpdateName -->
        <test-method is-config="true" signature="tearDown()[pri:0, instance:com.sortly.qa.testcases.AddressPageTest@3e27ba32]" started-at="2024-03-30T08:05:57 IST" name="tearDown" finished-at="2024-03-30T08:05:57 IST" duration-ms="719" status="PASS">
          <reporter-output>
          </reporter-output>
        </test-method> <!-- tearDown -->
      </class> <!-- com.sortly.qa.testcases.AddressPageTest -->
    </test> <!-- Default test -->
  </suite> <!-- Default suite -->
</testng-results>
